[3.179s] DEBUG:colcon:Command line arguments: ['/usr/bin/colcon', 'list', '-p', '--base-paths', '/home/robin/hka_projects/DIYrobotics/develop/DIY_ROS_Packages/diy_robot_application']
[3.179s] DEBUG:colcon:Parsed command line arguments: Namespace(log_base=None, log_level=None, verb_name='list', build_base='build', ignore_user_meta=False, metas=['./colcon.meta'], base_paths=['/home/robin/hka_projects/DIYrobotics/develop/DIY_ROS_Packages/diy_robot_application'], packages_ignore=None, packages_ignore_regex=None, paths=None, packages_up_to=None, packages_up_to_regex=None, packages_above=None, packages_above_and_dependencies=None, packages_above_depth=None, packages_select_by_dep=None, packages_skip_by_dep=None, packages_skip_up_to=None, packages_select_build_failed=False, packages_skip_build_finished=False, packages_select_test_failures=False, packages_skip_test_passed=False, packages_select=None, packages_skip=None, packages_select_regex=None, packages_skip_regex=None, packages_start=None, packages_end=None, allow_overriding=[], topological_order=False, names_only=False, paths_only=True, topological_graph=False, topological_graph_dot=False, topological_graph_density=False, topological_graph_legend=False, topological_graph_dot_cluster=False, topological_graph_dot_include_skipped=False, verb_parser=<colcon_defaults.argument_parser.defaults.DefaultArgumentsDecorator object at 0x7f53338a3100>, verb_extension=<colcon_package_information.verb.list.ListVerb object at 0x7f53338c0130>, main=<bound method ListVerb.main of <colcon_package_information.verb.list.ListVerb object at 0x7f53338c0130>>)
[3.308s] Level 1:colcon.colcon_core.package_discovery:discover_packages(colcon_meta) check parameters
[3.309s] Level 1:colcon.colcon_core.package_discovery:discover_packages(recursive) check parameters
[3.309s] Level 1:colcon.colcon_core.package_discovery:discover_packages(ignore) check parameters
[3.309s] Level 1:colcon.colcon_core.package_discovery:discover_packages(path) check parameters
[3.309s] Level 1:colcon.colcon_core.package_discovery:discover_packages(recursive) discover
[3.309s] INFO:colcon.colcon_core.package_discovery:Crawling recursively for packages in '/home/robin/hka_projects/DIYrobotics/develop/DIY_ROS_Packages/diy_robot_application'
[3.309s] Level 1:colcon.colcon_core.package_identification:_identify(/home/robin/hka_projects/DIYrobotics/develop/DIY_ROS_Packages/diy_robot_application) by extensions ['ignore', 'ignore_ament_install']
[3.310s] Level 1:colcon.colcon_core.package_identification:_identify(/home/robin/hka_projects/DIYrobotics/develop/DIY_ROS_Packages/diy_robot_application) by extension 'ignore'
[3.310s] Level 1:colcon.colcon_core.package_identification:_identify(/home/robin/hka_projects/DIYrobotics/develop/DIY_ROS_Packages/diy_robot_application) by extension 'ignore_ament_install'
[3.310s] Level 1:colcon.colcon_core.package_identification:_identify(/home/robin/hka_projects/DIYrobotics/develop/DIY_ROS_Packages/diy_robot_application) by extensions ['colcon_pkg']
[3.310s] Level 1:colcon.colcon_core.package_identification:_identify(/home/robin/hka_projects/DIYrobotics/develop/DIY_ROS_Packages/diy_robot_application) by extension 'colcon_pkg'
[3.310s] Level 1:colcon.colcon_core.package_identification:_identify(/home/robin/hka_projects/DIYrobotics/develop/DIY_ROS_Packages/diy_robot_application) by extensions ['colcon_meta']
[3.310s] Level 1:colcon.colcon_core.package_identification:_identify(/home/robin/hka_projects/DIYrobotics/develop/DIY_ROS_Packages/diy_robot_application) by extension 'colcon_meta'
[3.311s] Level 1:colcon.colcon_core.package_identification:_identify(/home/robin/hka_projects/DIYrobotics/develop/DIY_ROS_Packages/diy_robot_application) by extensions ['ros']
[3.311s] Level 1:colcon.colcon_core.package_identification:_identify(/home/robin/hka_projects/DIYrobotics/develop/DIY_ROS_Packages/diy_robot_application) by extension 'ros'
[3.337s] Level 1:colcon.colcon_core.package_identification:_identify(/home/robin/hka_projects/DIYrobotics/develop/DIY_ROS_Packages/diy_robot_application) by extensions ['cmake', 'python']
[3.337s] Level 1:colcon.colcon_core.package_identification:_identify(/home/robin/hka_projects/DIYrobotics/develop/DIY_ROS_Packages/diy_robot_application) by extension 'cmake'
[3.337s] Level 1:colcon.colcon_core.package_identification:_identify(/home/robin/hka_projects/DIYrobotics/develop/DIY_ROS_Packages/diy_robot_application) by extension 'python'
[3.337s] Level 1:colcon.colcon_core.package_identification:_identify(/home/robin/hka_projects/DIYrobotics/develop/DIY_ROS_Packages/diy_robot_application) by extensions ['python_setup_py']
[3.337s] Level 1:colcon.colcon_core.package_identification:_identify(/home/robin/hka_projects/DIYrobotics/develop/DIY_ROS_Packages/diy_robot_application) by extension 'python_setup_py'
[3.338s] Level 1:colcon.colcon_core.package_identification:_identify(/home/robin/hka_projects/DIYrobotics/develop/DIY_ROS_Packages/diy_robot_application/log) by extensions ['ignore', 'ignore_ament_install']
[3.338s] Level 1:colcon.colcon_core.package_identification:_identify(/home/robin/hka_projects/DIYrobotics/develop/DIY_ROS_Packages/diy_robot_application/log) by extension 'ignore'
[3.338s] Level 1:colcon.colcon_core.package_identification:_identify(/home/robin/hka_projects/DIYrobotics/develop/DIY_ROS_Packages/diy_robot_application/log) ignored
[3.338s] Level 1:colcon.colcon_core.package_identification:_identify(/home/robin/hka_projects/DIYrobotics/develop/DIY_ROS_Packages/diy_robot_application/src) by extensions ['ignore', 'ignore_ament_install']
[3.339s] Level 1:colcon.colcon_core.package_identification:_identify(/home/robin/hka_projects/DIYrobotics/develop/DIY_ROS_Packages/diy_robot_application/src) by extension 'ignore'
[3.339s] Level 1:colcon.colcon_core.package_identification:_identify(/home/robin/hka_projects/DIYrobotics/develop/DIY_ROS_Packages/diy_robot_application/src) by extension 'ignore_ament_install'
[3.339s] Level 1:colcon.colcon_core.package_identification:_identify(/home/robin/hka_projects/DIYrobotics/develop/DIY_ROS_Packages/diy_robot_application/src) by extensions ['colcon_pkg']
[3.339s] Level 1:colcon.colcon_core.package_identification:_identify(/home/robin/hka_projects/DIYrobotics/develop/DIY_ROS_Packages/diy_robot_application/src) by extension 'colcon_pkg'
[3.339s] Level 1:colcon.colcon_core.package_identification:_identify(/home/robin/hka_projects/DIYrobotics/develop/DIY_ROS_Packages/diy_robot_application/src) by extensions ['colcon_meta']
[3.339s] Level 1:colcon.colcon_core.package_identification:_identify(/home/robin/hka_projects/DIYrobotics/develop/DIY_ROS_Packages/diy_robot_application/src) by extension 'colcon_meta'
[3.339s] Level 1:colcon.colcon_core.package_identification:_identify(/home/robin/hka_projects/DIYrobotics/develop/DIY_ROS_Packages/diy_robot_application/src) by extensions ['ros']
[3.339s] Level 1:colcon.colcon_core.package_identification:_identify(/home/robin/hka_projects/DIYrobotics/develop/DIY_ROS_Packages/diy_robot_application/src) by extension 'ros'
[3.340s] Level 1:colcon.colcon_core.package_identification:_identify(/home/robin/hka_projects/DIYrobotics/develop/DIY_ROS_Packages/diy_robot_application/src) by extensions ['cmake', 'python']
[3.340s] Level 1:colcon.colcon_core.package_identification:_identify(/home/robin/hka_projects/DIYrobotics/develop/DIY_ROS_Packages/diy_robot_application/src) by extension 'cmake'
[3.340s] Level 1:colcon.colcon_core.package_identification:_identify(/home/robin/hka_projects/DIYrobotics/develop/DIY_ROS_Packages/diy_robot_application/src) by extension 'python'
[3.340s] Level 1:colcon.colcon_core.package_identification:_identify(/home/robin/hka_projects/DIYrobotics/develop/DIY_ROS_Packages/diy_robot_application/src) by extensions ['python_setup_py']
[3.340s] Level 1:colcon.colcon_core.package_identification:_identify(/home/robin/hka_projects/DIYrobotics/develop/DIY_ROS_Packages/diy_robot_application/src) by extension 'python_setup_py'
[3.340s] Level 1:colcon.colcon_core.package_identification:_identify(/home/robin/hka_projects/DIYrobotics/develop/DIY_ROS_Packages/diy_robot_application/src/diy_robot_application) by extensions ['ignore', 'ignore_ament_install']
[3.340s] Level 1:colcon.colcon_core.package_identification:_identify(/home/robin/hka_projects/DIYrobotics/develop/DIY_ROS_Packages/diy_robot_application/src/diy_robot_application) by extension 'ignore'
[3.340s] Level 1:colcon.colcon_core.package_identification:_identify(/home/robin/hka_projects/DIYrobotics/develop/DIY_ROS_Packages/diy_robot_application/src/diy_robot_application) by extension 'ignore_ament_install'
[3.341s] Level 1:colcon.colcon_core.package_identification:_identify(/home/robin/hka_projects/DIYrobotics/develop/DIY_ROS_Packages/diy_robot_application/src/diy_robot_application) by extensions ['colcon_pkg']
[3.341s] Level 1:colcon.colcon_core.package_identification:_identify(/home/robin/hka_projects/DIYrobotics/develop/DIY_ROS_Packages/diy_robot_application/src/diy_robot_application) by extension 'colcon_pkg'
[3.341s] Level 1:colcon.colcon_core.package_identification:_identify(/home/robin/hka_projects/DIYrobotics/develop/DIY_ROS_Packages/diy_robot_application/src/diy_robot_application) by extensions ['colcon_meta']
[3.341s] Level 1:colcon.colcon_core.package_identification:_identify(/home/robin/hka_projects/DIYrobotics/develop/DIY_ROS_Packages/diy_robot_application/src/diy_robot_application) by extension 'colcon_meta'
[3.341s] Level 1:colcon.colcon_core.package_identification:_identify(/home/robin/hka_projects/DIYrobotics/develop/DIY_ROS_Packages/diy_robot_application/src/diy_robot_application) by extensions ['ros']
[3.341s] Level 1:colcon.colcon_core.package_identification:_identify(/home/robin/hka_projects/DIYrobotics/develop/DIY_ROS_Packages/diy_robot_application/src/diy_robot_application) by extension 'ros'
[3.346s] DEBUG:colcon.colcon_core.package_identification:Package '/home/robin/hka_projects/DIYrobotics/develop/DIY_ROS_Packages/diy_robot_application/src/diy_robot_application' with type 'ros.ament_python' and name 'diy_robot_application'
[3.347s] Level 1:colcon.colcon_core.package_discovery:discover_packages(recursive) using defaults
